<?xml version="1.0" encoding="UTF-8"?>
<!-- Generated by org.testng.reporters.JUnitReportReporter -->
<testsuite hostname="DESKTOP-08FKUO3" name="serialization.serializationOfEmployeDetailsYTest" tests="1" failures="0" timestamp="3 Nov 2022 17:13:48 GMT" time="0.278" errors="0">
  <testcase name="employeeDetails" time="0.278" classname="serialization.serializationOfEmployeDetailsYTest"/>
</testsuite> <!-- serialization.serializationOfEmployeDetailsYTest -->
