<?xml version="1.0" encoding="UTF-8"?>
<!-- Generated by org.testng.reporters.JUnitReportReporter -->
<testsuite skipped="0" hostname="DESKTOP-08FKUO3" name="parameters.QueryStringParameters" tests="1" failures="0" timestamp="2022-11-21T23:51:38 IST" time="4.886" errors="0">
  <testcase name="queryTest" time="4.886" classname="parameters.QueryStringParameters"/>
  <system-out/>
</testsuite> <!-- parameters.QueryStringParameters -->
