<?xml version="1.0" encoding="UTF-8"?>
<!-- Generated by org.testng.reporters.JUnitReportReporter -->
<testsuite skipped="0" hostname="DESKTOP-08FKUO3" name="parameters.PathParameterToGetSingleProject" tests="1" failures="0" timestamp="2022-11-09T11:36:07 IST" time="2.538" errors="0">
  <testcase name="pathTest" time="2.538" classname="parameters.PathParameterToGetSingleProject"/>
  <system-out/>
</testsuite> <!-- parameters.PathParameterToGetSingleProject -->
