<?xml version="1.0" encoding="UTF-8"?>
<!-- Generated by org.testng.reporters.JUnitReportReporter -->
<testsuite skipped="0" hostname="DESKTOP-08FKUO3" name="CrudOpperationWithBDDApproach.getsingleprojectwithoutvalidation" tests="1" failures="0" timestamp="2022-11-08T11:27:31 IST" time="2.488" errors="0">
  <testcase name="getproject" time="2.488" classname="CrudOpperationWithBDDApproach.getsingleprojectwithoutvalidation"/>
  <system-out/>
</testsuite> <!-- CrudOpperationWithBDDApproach.getsingleprojectwithoutvalidation -->
