<?xml version="1.0" encoding="UTF-8"?>
<!-- Generated by org.testng.reporters.JUnitReportReporter -->
<testsuite skipped="0" hostname="DESKTOP-08FKUO3" name="CrudOpperationWithBDDApproach.DeleteProjectWithOutProjectId" tests="1" failures="0" timestamp="2022-11-08T10:40:31 IST" time="2.616" errors="0">
  <testcase name="deleteprojectwithoutProjectId" time="2.616" classname="CrudOpperationWithBDDApproach.DeleteProjectWithOutProjectId"/>
  <system-out/>
</testsuite> <!-- CrudOpperationWithBDDApproach.DeleteProjectWithOutProjectId -->
