<?xml version="1.0" encoding="UTF-8"?>
<!-- Generated by org.testng.reporters.JUnitReportReporter -->
<testsuite skipped="0" hostname="DESKTOP-08FKUO3" name="DifferentWaysToPostRequest.hashmap" tests="1" failures="0" timestamp="2022-11-07T16:06:32 IST" time="3.191" errors="0">
  <testcase name="hashMap" time="3.191" classname="DifferentWaysToPostRequest.hashmap"/>
  <system-out/>
</testsuite> <!-- DifferentWaysToPostRequest.hashmap -->
