<?xml version="1.0" encoding="UTF-8"?>
<!-- Generated by org.testng.reporters.JUnitReportReporter -->
<testsuite skipped="0" hostname="DESKTOP-08FKUO3" name="parameters.PathParameterToUpadteProject" tests="1" failures="0" timestamp="2022-11-09T12:14:45 IST" time="3.120" errors="0">
  <testcase name="pathTest" time="3.120" classname="parameters.PathParameterToUpadteProject"/>
  <system-out/>
</testsuite> <!-- parameters.PathParameterToUpadteProject -->
