<?xml version="1.0" encoding="UTF-8"?>
<!-- Generated by org.testng.reporters.JUnitReportReporter -->
<testsuite skipped="0" hostname="DESKTOP-08FKUO3" name="CrudOpperationWithBDDApproach.responseTime" tests="1" failures="0" timestamp="2022-11-07T13:08:38 IST" time="3.297" errors="0">
  <testcase name="responsetime" time="3.297" classname="CrudOpperationWithBDDApproach.responseTime"/>
  <system-out/>
</testsuite> <!-- CrudOpperationWithBDDApproach.responseTime -->
