<?xml version="1.0" encoding="UTF-8"?>
<!-- Generated by org.testng.reporters.JUnitReportReporter -->
<testsuite skipped="0" hostname="DESKTOP-08FKUO3" name="CrudOpperationWithBDDApproach.GetSingleProjectWithOutAction" tests="1" failures="0" timestamp="2022-11-08T11:25:03 IST" time="2.633" errors="0">
  <testcase name="getproject" time="2.633" classname="CrudOpperationWithBDDApproach.GetSingleProjectWithOutAction"/>
  <system-out/>
</testsuite> <!-- CrudOpperationWithBDDApproach.GetSingleProjectWithOutAction -->
