<?xml version="1.0" encoding="UTF-8"?>
<!-- Generated by org.testng.reporters.JUnitReportReporter -->
<testsuite hostname="DESKTOP-08FKUO3" name="serialization.serilizationforArray" tests="1" failures="0" timestamp="3 Nov 2022 17:12:46 GMT" time="0.313" errors="0">
  <testcase name="employeDetailswithArray" time="0.313" classname="serialization.serilizationforArray"/>
</testsuite> <!-- serialization.serilizationforArray -->
