<?xml version="1.0" encoding="UTF-8"?>
<!-- Generated by org.testng.reporters.JUnitReportReporter -->
<testsuite skipped="0" hostname="DESKTOP-08FKUO3" name="Scenarios.array" tests="1" failures="0" timestamp="2022-11-28T20:03:39 IST" time="0.010" errors="0">
  <testcase name="simple" time="0.010" classname="Scenarios.array"/>
  <system-out/>
</testsuite> <!-- Scenarios.array -->
