<?xml version="1.0" encoding="UTF-8"?>
<!-- Generated by org.testng.reporters.JUnitReportReporter -->
<testsuite skipped="0" hostname="DESKTOP-08FKUO3" name="parameters.PathParameterToDeletProject" tests="1" failures="0" timestamp="2022-11-09T12:20:03 IST" time="2.518" errors="0">
  <testcase name="pathTest" time="2.518" classname="parameters.PathParameterToDeletProject"/>
  <system-out/>
</testsuite> <!-- parameters.PathParameterToDeletProject -->
