<?xml version="1.0" encoding="UTF-8"?>
<!-- Generated by org.testng.reporters.JUnitReportReporter -->
<testsuite skipped="0" hostname="DESKTOP-08FKUO3" name="CrudOpperationWithBDDApproach.GetAllProjectWithoutValidation" tests="1" failures="0" timestamp="2022-11-08T11:04:37 IST" time="2.796" errors="0">
  <testcase name="getallprojectwithoutvalidation" time="2.796" classname="CrudOpperationWithBDDApproach.GetAllProjectWithoutValidation"/>
  <system-out/>
</testsuite> <!-- CrudOpperationWithBDDApproach.GetAllProjectWithoutValidation -->
