<?xml version="1.0" encoding="UTF-8"?>
<!-- Generated by org.testng.reporters.JUnitReportReporter -->
<testsuite skipped="0" hostname="DESKTOP-08FKUO3" name="DifferentWaysToPostRequest.JsonObject" tests="1" failures="0" timestamp="2022-11-09T16:28:08 IST" time="3.186" errors="0">
  <testcase name="addproject" time="3.186" classname="DifferentWaysToPostRequest.JsonObject"/>
  <system-out/>
</testsuite> <!-- DifferentWaysToPostRequest.JsonObject -->
