<?xml version="1.0" encoding="UTF-8"?>
<!-- Generated by org.testng.reporters.JUnitReportReporter -->
<testsuite skipped="0" hostname="DESKTOP-08FKUO3" name="CrudOpperationWithBDDApproach.UpdateProject" tests="1" failures="0" timestamp="2022-11-07T13:06:16 IST" time="3.343" errors="0">
  <testcase name="updaterProject" time="3.343" classname="CrudOpperationWithBDDApproach.UpdateProject"/>
  <system-out/>
</testsuite> <!-- CrudOpperationWithBDDApproach.UpdateProject -->
