<?xml version="1.0" encoding="UTF-8"?>
<!-- Generated by org.testng.reporters.JUnitReportReporter -->
<testsuite hostname="DESKTOP-08FKUO3" name="serializationAndDeserialization.serializationArray2" tests="1" failures="0" timestamp="3 Nov 2022 18:35:03 GMT" time="0.235" errors="0">
  <testcase name="employeeDetails" time="0.235" classname="serializationAndDeserialization.serializationArray2"/>
</testsuite> <!-- serializationAndDeserialization.serializationArray2 -->
