<?xml version="1.0" encoding="UTF-8"?>
<!-- Generated by org.testng.reporters.JUnitReportReporter -->
<testsuite skipped="0" hostname="DESKTOP-08FKUO3" name="CrudOpperationWithoutBDDApproach.AddProjectWithOutResponse" tests="1" failures="0" timestamp="2022-11-04T17:41:30 IST" time="1.294" errors="0">
  <testcase name="addprojectwithoutresponse" time="1.294" classname="CrudOpperationWithoutBDDApproach.AddProjectWithOutResponse"/>
  <system-out/>
</testsuite> <!-- CrudOpperationWithoutBDDApproach.AddProjectWithOutResponse -->
