<?xml version="1.0" encoding="UTF-8"?>
<!-- Generated by org.testng.reporters.JUnitReportReporter -->
<testsuite skipped="0" hostname="DESKTOP-08FKUO3" name="CrudOpperationWithBDDApproach.GetSingleProjectWithoutProjectId" tests="1" failures="0" timestamp="2022-11-08T11:19:17 IST" time="4.215" errors="0">
  <testcase name="getproject" time="4.215" classname="CrudOpperationWithBDDApproach.GetSingleProjectWithoutProjectId"/>
  <system-out/>
</testsuite> <!-- CrudOpperationWithBDDApproach.GetSingleProjectWithoutProjectId -->
