<?xml version="1.0" encoding="UTF-8"?>
<!-- Generated by org.testng.reporters.JUnitReportReporter -->
<testsuite skipped="0" hostname="DESKTOP-08FKUO3" name="CrudOpperationWithBDDApproach.getAllProject" tests="1" failures="0" timestamp="2022-11-07T13:06:56 IST" time="3.633" errors="0">
  <testcase name="getallproject" time="3.633" classname="CrudOpperationWithBDDApproach.getAllProject"/>
  <system-out/>
</testsuite> <!-- CrudOpperationWithBDDApproach.getAllProject -->
