<?xml version="1.0" encoding="UTF-8"?>
<!-- Generated by org.testng.reporters.JUnitReportReporter -->
<testsuite skipped="0" hostname="DESKTOP-08FKUO3" name="CrudOpperationWithoutBDDApproach.getAllProject" tests="1" failures="0" timestamp="2022-11-04T16:31:49 IST" time="3.265" errors="0">
  <testcase name="getallproject" time="3.265" classname="CrudOpperationWithoutBDDApproach.getAllProject"/>
  <system-out/>
</testsuite> <!-- CrudOpperationWithoutBDDApproach.getAllProject -->
