<?xml version="1.0" encoding="UTF-8"?>
<!-- Generated by org.testng.reporters.JUnitReportReporter -->
<testsuite hostname="DESKTOP-08FKUO3" name="serializationAndDeserialization.arraySplit" tests="1" failures="0" timestamp="3 Nov 2022 16:48:39 GMT" time="0.015" errors="0">
  <testcase name="array" time="0.015" classname="serializationAndDeserialization.arraySplit"/>
</testsuite> <!-- serializationAndDeserialization.arraySplit -->
