<?xml version="1.0" encoding="UTF-8"?>
<!-- Generated by org.testng.reporters.JUnitReportReporter -->
<testsuite skipped="0" hostname="DESKTOP-08FKUO3" name="DataProvider.DataProviderr" tests="3" failures="0" timestamp="2022-11-08T13:02:37 IST" time="3.634" errors="0">
  <testcase name="dataprov" time="0.084" classname="DataProvider.DataProviderr"/>
  <system-out/>
  <testcase name="dataprov" time="0.098" classname="DataProvider.DataProviderr"/>
  <system-out/>
  <testcase name="dataprov" time="3.452" classname="DataProvider.DataProviderr"/>
  <system-out/>
</testsuite> <!-- DataProvider.DataProviderr -->
