<?xml version="1.0" encoding="UTF-8"?>
<!-- Generated by org.testng.reporters.JUnitReportReporter -->
<testsuite skipped="0" hostname="DESKTOP-08FKUO3" name="CrudOpperationWithBDDApproach.AddProjectWithoutValidation" tests="1" failures="0" timestamp="2022-11-08T10:39:58 IST" time="2.786" errors="0">
  <testcase name="addproject" time="2.786" classname="CrudOpperationWithBDDApproach.AddProjectWithoutValidation"/>
  <system-out/>
</testsuite> <!-- CrudOpperationWithBDDApproach.AddProjectWithoutValidation -->
