<?xml version="1.0" encoding="UTF-8"?>
<!-- Generated by org.testng.reporters.JUnitReportReporter -->
<testsuite skipped="0" hostname="DESKTOP-08FKUO3" name="CrudOpperationWithBDDApproach.GetSingleProject" tests="1" failures="0" timestamp="2022-11-07T13:08:05 IST" time="2.617" errors="0">
  <testcase name="getproject" time="2.617" classname="CrudOpperationWithBDDApproach.GetSingleProject"/>
  <system-out/>
</testsuite> <!-- CrudOpperationWithBDDApproach.GetSingleProject -->
