<?xml version="1.0" encoding="UTF-8"?>
<!-- Generated by org.testng.reporters.JUnitReportReporter -->
<testsuite skipped="0" hostname="DESKTOP-08FKUO3" name="Deserilization.DeserializationWithObject" tests="1" failures="0" timestamp="2022-11-21T23:13:51 IST" time="0.250" errors="0">
  <testcase name="DeserializationWithObjectTest" time="0.250" classname="Deserilization.DeserializationWithObject"/>
  <system-out/>
</testsuite> <!-- Deserilization.DeserializationWithObject -->
