<?xml version="1.0" encoding="UTF-8"?>
<!-- Generated by org.testng.reporters.JUnitReportReporter -->
<testsuite skipped="0" hostname="DESKTOP-08FKUO3" name="serialization.SerializationOfEmpDetailsWithObject" tests="1" failures="0" timestamp="2022-11-09T15:22:31 IST" time="0.257" errors="0">
  <testcase name="employeeDetailswithObj" time="0.257" classname="serialization.SerializationOfEmpDetailsWithObject"/>
  <system-out/>
</testsuite> <!-- serialization.SerializationOfEmpDetailsWithObject -->
