<?xml version="1.0" encoding="UTF-8"?>
<!-- Generated by org.testng.reporters.JUnitReportReporter -->
<testsuite skipped="0" hostname="DESKTOP-08FKUO3" name="CrudOpperationWithoutBDDApproach.getSingleProject" tests="1" failures="0" timestamp="2022-11-04T17:16:42 IST" time="2.827" errors="0">
  <testcase name="getProject" time="2.827" classname="CrudOpperationWithoutBDDApproach.getSingleProject"/>
  <system-out/>
</testsuite> <!-- CrudOpperationWithoutBDDApproach.getSingleProject -->
