<?xml version="1.0" encoding="UTF-8"?>
<!-- Generated by org.testng.reporters.JUnitReportReporter -->
<testsuite skipped="0" hostname="DESKTOP-08FKUO3" name="CrudOpperationWithoutBDDApproach.AddProjectTest" tests="1" failures="0" timestamp="2022-11-04T15:50:01 IST" time="3.053" errors="0">
  <testcase name="addProjectTest" time="3.053" classname="CrudOpperationWithoutBDDApproach.AddProjectTest"/>
  <system-out/>
</testsuite> <!-- CrudOpperationWithoutBDDApproach.AddProjectTest -->
